mode: set
github.com/bittensor-lab/btsigner/cmd/btclient/main.go:13.13,38.16 18 0
github.com/bittensor-lab/btsigner/cmd/btclient/main.go:38.16,41.3 2 0
github.com/bittensor-lab/btsigner/cmd/btclient/main.go:42.2,47.19 3 0
github.com/bittensor-lab/btsigner/cmd/btclient/main.go:47.19,49.17 2 0
github.com/bittensor-lab/btsigner/cmd/btclient/main.go:49.17,52.4 2 0
github.com/bittensor-lab/btsigner/cmd/btclient/main.go:54.3,55.45 2 0
github.com/bittensor-lab/btsigner/cmd/btclient/main.go:56.8,56.24 1 0
github.com/bittensor-lab/btsigner/cmd/btclient/main.go:56.24,58.17 2 0
github.com/bittensor-lab/btsigner/cmd/btclient/main.go:58.17,61.4 2 0
github.com/bittensor-lab/btsigner/cmd/btclient/main.go:63.3,64.19 2 0
github.com/bittensor-lab/btsigner/cmd/btclient/main.go:64.19,67.18 2 0
github.com/bittensor-lab/btsigner/cmd/btclient/main.go:67.18,70.5 2 0
github.com/bittensor-lab/btsigner/cmd/btclient/main.go:71.4,71.48 1 0
github.com/bittensor-lab/btsigner/cmd/btclient/main.go:72.9,75.18 2 0
github.com/bittensor-lab/btsigner/cmd/btclient/main.go:75.18,78.5 2 0
github.com/bittensor-lab/btsigner/cmd/btclient/main.go:81.3,81.43 1 0
github.com/bittensor-lab/btsigner/cmd/btclient/main.go:82.8,82.20 1 0
github.com/bittensor-lab/btsigner/cmd/btclient/main.go:82.20,83.44 1 0
github.com/bittensor-lab/btsigner/cmd/btclient/main.go:83.44,86.4 2 0
github.com/bittensor-lab/btsigner/cmd/btclient/main.go:88.3,88.35 1 0
github.com/bittensor-lab/btsigner/cmd/btclient/main.go:89.8,92.3 2 0
github.com/bittensor-lab/btsigner/cmd/btsigner/main.go:19.13,33.16 11 0
github.com/bittensor-lab/btsigner/cmd/btsigner/main.go:33.16,36.3 2 0
github.com/bittensor-lab/btsigner/cmd/btsigner/main.go:37.3,41.16 3 0
github.com/bittensor-lab/btsigner/cmd/btsigner/main.go:41.16,43.3 1 0
github.com/bittensor-lab/btsigner/cmd/btsigner/main.go:46.2,46.20 1 0
github.com/bittensor-lab/btsigner/cmd/btsigner/main.go:46.20,48.3 1 0
github.com/bittensor-lab/btsigner/cmd/btsigner/main.go:50.2,53.25 2 0
github.com/bittensor-lab/btsigner/cmd/btsigner/main.go:53.25,56.17 2 0
github.com/bittensor-lab/btsigner/cmd/btsigner/main.go:56.17,58.4 1 0
github.com/bittensor-lab/btsigner/cmd/btsigner/main.go:61.3,61.14 1 0
github.com/bittensor-lab/btsigner/cmd/btsigner/main.go:61.14,62.20 1 0
github.com/bittensor-lab/btsigner/cmd/btsigner/main.go:62.20,64.5 1 0
github.com/bittensor-lab/btsigner/cmd/btsigner/main.go:66.4,69.72 2 0
github.com/bittensor-lab/btsigner/cmd/btsigner/main.go:69.72,73.95 2 0
github.com/bittensor-lab/btsigner/cmd/btsigner/main.go:73.95,75.6 1 0
github.com/bittensor-lab/btsigner/cmd/btsigner/main.go:75.11,77.6 1 0
github.com/bittensor-lab/btsigner/cmd/btsigner/main.go:78.10,82.19 3 0
github.com/bittensor-lab/btsigner/cmd/btsigner/main.go:82.19,84.6 1 0
github.com/bittensor-lab/btsigner/cmd/btsigner/main.go:85.5,89.19 4 0
github.com/bittensor-lab/btsigner/cmd/btsigner/main.go:89.19,91.6 1 0
github.com/bittensor-lab/btsigner/cmd/btsigner/main.go:92.5,92.18 1 0
github.com/bittensor-lab/btsigner/cmd/btsigner/main.go:95.4,95.51 1 0
github.com/bittensor-lab/btsigner/cmd/btsigner/main.go:95.51,97.5 1 0
github.com/bittensor-lab/btsigner/cmd/btsigner/main.go:99.4,100.18 2 0
github.com/bittensor-lab/btsigner/cmd/btsigner/main.go:100.18,104.5 1 0
github.com/bittensor-lab/btsigner/cmd/btsigner/main.go:106.4,107.18 2 0
github.com/bittensor-lab/btsigner/cmd/btsigner/main.go:107.18,111.5 1 0
github.com/bittensor-lab/btsigner/cmd/btsigner/main.go:113.4,117.10 2 0
github.com/bittensor-lab/btsigner/cmd/btsigner/main.go:121.3,121.19 1 0
github.com/bittensor-lab/btsigner/cmd/btsigner/main.go:121.19,125.72 2 0
github.com/bittensor-lab/btsigner/cmd/btsigner/main.go:125.72,127.5 1 0
github.com/bittensor-lab/btsigner/cmd/btsigner/main.go:127.10,131.19 3 0
github.com/bittensor-lab/btsigner/cmd/btsigner/main.go:131.19,133.6 1 0
github.com/bittensor-lab/btsigner/cmd/btsigner/main.go:134.5,134.18 1 0
github.com/bittensor-lab/btsigner/cmd/btsigner/main.go:137.4,138.18 2 0
github.com/bittensor-lab/btsigner/cmd/btsigner/main.go:138.18,142.5 1 0
github.com/bittensor-lab/btsigner/cmd/btsigner/main.go:144.4,147.17 2 0
github.com/bittensor-lab/btsigner/cmd/btsigner/main.go:147.17,149.19 2 0
github.com/bittensor-lab/btsigner/cmd/btsigner/main.go:149.19,153.6 1 0
github.com/bittensor-lab/btsigner/cmd/btsigner/main.go:155.5,157.11 3 0
github.com/bittensor-lab/btsigner/cmd/btsigner/main.go:159.9,162.24 2 0
github.com/bittensor-lab/btsigner/cmd/btsigner/main.go:162.24,164.5 1 0
github.com/bittensor-lab/btsigner/cmd/btsigner/main.go:166.4,167.30 2 0
github.com/bittensor-lab/btsigner/cmd/btsigner/main.go:167.30,169.5 1 0
github.com/bittensor-lab/btsigner/cmd/btsigner/main.go:171.4,173.56 3 0
github.com/bittensor-lab/btsigner/cmd/btsigner/main.go:173.56,175.5 1 0
github.com/bittensor-lab/btsigner/cmd/btsigner/main.go:177.4,180.72 2 0
github.com/bittensor-lab/btsigner/cmd/btsigner/main.go:180.72,182.5 1 0
github.com/bittensor-lab/btsigner/cmd/btsigner/main.go:182.10,186.19 3 0
github.com/bittensor-lab/btsigner/cmd/btsigner/main.go:186.19,188.6 1 0
github.com/bittensor-lab/btsigner/cmd/btsigner/main.go:189.5,189.18 1 0
github.com/bittensor-lab/btsigner/cmd/btsigner/main.go:192.4,193.18 2 0
github.com/bittensor-lab/btsigner/cmd/btsigner/main.go:193.18,197.5 1 0
github.com/bittensor-lab/btsigner/cmd/btsigner/main.go:199.4,199.49 1 0
github.com/bittensor-lab/btsigner/cmd/btsigner/main.go:202.3,202.30 1 0
github.com/bittensor-lab/btsigner/cmd/btsigner/main.go:203.8,206.14 1 0
github.com/bittensor-lab/btsigner/cmd/btsigner/main.go:206.14,210.72 2 0
github.com/bittensor-lab/btsigner/cmd/btsigner/main.go:210.72,214.95 2 0
github.com/bittensor-lab/btsigner/cmd/btsigner/main.go:214.95,216.6 1 0
github.com/bittensor-lab/btsigner/cmd/btsigner/main.go:216.11,218.6 1 0
github.com/bittensor-lab/btsigner/cmd/btsigner/main.go:219.10,223.19 3 0
github.com/bittensor-lab/btsigner/cmd/btsigner/main.go:223.19,225.6 1 0
github.com/bittensor-lab/btsigner/cmd/btsigner/main.go:226.5,230.19 4 0
github.com/bittensor-lab/btsigner/cmd/btsigner/main.go:230.19,232.6 1 0
github.com/bittensor-lab/btsigner/cmd/btsigner/main.go:233.5,233.18 1 0
github.com/bittensor-lab/btsigner/cmd/btsigner/main.go:236.4,236.51 1 0
github.com/bittensor-lab/btsigner/cmd/btsigner/main.go:236.51,238.5 1 0
github.com/bittensor-lab/btsigner/cmd/btsigner/main.go:240.4,240.93 1 0
github.com/bittensor-lab/btsigner/cmd/btsigner/main.go:240.93,242.5 1 0
github.com/bittensor-lab/btsigner/cmd/btsigner/main.go:243.4,243.18 1 0
github.com/bittensor-lab/btsigner/cmd/btsigner/main.go:243.18,245.5 1 0
github.com/bittensor-lab/btsigner/cmd/btsigner/main.go:247.4,249.18 3 0
github.com/bittensor-lab/btsigner/cmd/btsigner/main.go:249.18,251.5 1 0
github.com/bittensor-lab/btsigner/cmd/btsigner/main.go:253.4,257.10 2 0
github.com/bittensor-lab/btsigner/cmd/btsigner/main.go:261.3,264.71 2 0
github.com/bittensor-lab/btsigner/cmd/btsigner/main.go:264.71,266.4 1 0
github.com/bittensor-lab/btsigner/cmd/btsigner/main.go:266.9,270.18 3 0
github.com/bittensor-lab/btsigner/cmd/btsigner/main.go:270.18,272.5 1 0
github.com/bittensor-lab/btsigner/cmd/btsigner/main.go:273.4,273.17 1 0
github.com/bittensor-lab/btsigner/cmd/btsigner/main.go:277.3,278.17 2 0
github.com/bittensor-lab/btsigner/cmd/btsigner/main.go:278.17,280.4 1 0
github.com/bittensor-lab/btsigner/cmd/btsigner/main.go:283.3,283.16 1 0
github.com/bittensor-lab/btsigner/cmd/btsigner/main.go:283.16,285.18 2 0
github.com/bittensor-lab/btsigner/cmd/btsigner/main.go:285.18,287.5 1 0
github.com/bittensor-lab/btsigner/cmd/btsigner/main.go:289.4,291.10 3 0
github.com/bittensor-lab/btsigner/cmd/btsigner/main.go:295.2,299.16 3 0
github.com/bittensor-lab/btsigner/cmd/btsigner/main.go:299.16,301.3 1 0
github.com/bittensor-lab/btsigner/cmd/btsigner/main.go:303.2,312.12 5 0
github.com/bittensor-lab/btsigner/cmd/btsigner/main.go:312.12,316.3 3 0
github.com/bittensor-lab/btsigner/cmd/btsigner/main.go:318.2,318.34 1 0
github.com/bittensor-lab/btsigner/cmd/btsigner/main.go:318.34,320.3 1 0
github.com/bittensor-lab/btsigner/proto/signer/v1/signer.pb.go:38.40,43.2 4 0
github.com/bittensor-lab/btsigner/proto/signer/v1/signer.pb.go:45.48,47.2 1 0
github.com/bittensor-lab/btsigner/proto/signer/v1/signer.pb.go:49.46,49.47 0 0
github.com/bittensor-lab/btsigner/proto/signer/v1/signer.pb.go:51.68,53.14 2 0
github.com/bittensor-lab/btsigner/proto/signer/v1/signer.pb.go:53.14,55.34 2 0
github.com/bittensor-lab/btsigner/proto/signer/v1/signer.pb.go:55.34,57.4 1 0
github.com/bittensor-lab/btsigner/proto/signer/v1/signer.pb.go:58.3,58.12 1 0
github.com/bittensor-lab/btsigner/proto/signer/v1/signer.pb.go:60.2,60.24 1 0
github.com/bittensor-lab/btsigner/proto/signer/v1/signer.pb.go:64.59,66.2 1 0
github.com/bittensor-lab/btsigner/proto/signer/v1/signer.pb.go:68.54,69.14 1 0
github.com/bittensor-lab/btsigner/proto/signer/v1/signer.pb.go:69.14,71.3 1 0
github.com/bittensor-lab/btsigner/proto/signer/v1/signer.pb.go:72.2,72.12 1 0
github.com/bittensor-lab/btsigner/proto/signer/v1/signer.pb.go:75.56,76.14 1 0
github.com/bittensor-lab/btsigner/proto/signer/v1/signer.pb.go:76.14,78.3 1 0
github.com/bittensor-lab/btsigner/proto/signer/v1/signer.pb.go:79.2,79.11 1 0
github.com/bittensor-lab/btsigner/proto/signer/v1/signer.pb.go:82.50,83.14 1 0
github.com/bittensor-lab/btsigner/proto/signer/v1/signer.pb.go:83.14,85.3 1 0
github.com/bittensor-lab/btsigner/proto/signer/v1/signer.pb.go:86.2,86.11 1 0
github.com/bittensor-lab/btsigner/proto/signer/v1/signer.pb.go:98.43,103.2 4 0
github.com/bittensor-lab/btsigner/proto/signer/v1/signer.pb.go:105.51,107.2 1 0
github.com/bittensor-lab/btsigner/proto/signer/v1/signer.pb.go:109.49,109.50 0 0
github.com/bittensor-lab/btsigner/proto/signer/v1/signer.pb.go:111.71,113.14 2 0
github.com/bittensor-lab/btsigner/proto/signer/v1/signer.pb.go:113.14,115.34 2 0
github.com/bittensor-lab/btsigner/proto/signer/v1/signer.pb.go:115.34,117.4 1 0
github.com/bittensor-lab/btsigner/proto/signer/v1/signer.pb.go:118.3,118.12 1 0
github.com/bittensor-lab/btsigner/proto/signer/v1/signer.pb.go:120.2,120.24 1 0
github.com/bittensor-lab/btsigner/proto/signer/v1/signer.pb.go:124.62,126.2 1 0
github.com/bittensor-lab/btsigner/proto/signer/v1/signer.pb.go:128.53,129.14 1 0
github.com/bittensor-lab/btsigner/proto/signer/v1/signer.pb.go:129.14,131.3 1 0
github.com/bittensor-lab/btsigner/proto/signer/v1/signer.pb.go:132.2,132.11 1 0
github.com/bittensor-lab/btsigner/proto/signer/v1/signer.pb.go:146.40,151.2 4 0
github.com/bittensor-lab/btsigner/proto/signer/v1/signer.pb.go:153.48,155.2 1 0
github.com/bittensor-lab/btsigner/proto/signer/v1/signer.pb.go:157.46,157.47 0 0
github.com/bittensor-lab/btsigner/proto/signer/v1/signer.pb.go:159.68,161.14 2 0
github.com/bittensor-lab/btsigner/proto/signer/v1/signer.pb.go:161.14,163.34 2 0
github.com/bittensor-lab/btsigner/proto/signer/v1/signer.pb.go:163.34,165.4 1 0
github.com/bittensor-lab/btsigner/proto/signer/v1/signer.pb.go:166.3,166.12 1 0
github.com/bittensor-lab/btsigner/proto/signer/v1/signer.pb.go:168.2,168.24 1 0
github.com/bittensor-lab/btsigner/proto/signer/v1/signer.pb.go:172.59,174.2 1 0
github.com/bittensor-lab/btsigner/proto/signer/v1/signer.pb.go:176.52,177.14 1 0
github.com/bittensor-lab/btsigner/proto/signer/v1/signer.pb.go:177.14,179.3 1 0
github.com/bittensor-lab/btsigner/proto/signer/v1/signer.pb.go:180.2,180.12 1 0
github.com/bittensor-lab/btsigner/proto/signer/v1/signer.pb.go:183.52,184.14 1 0
github.com/bittensor-lab/btsigner/proto/signer/v1/signer.pb.go:184.14,186.3 1 0
github.com/bittensor-lab/btsigner/proto/signer/v1/signer.pb.go:187.2,187.12 1 0
github.com/bittensor-lab/btsigner/proto/signer/v1/signer.pb.go:203.47,208.2 4 0
github.com/bittensor-lab/btsigner/proto/signer/v1/signer.pb.go:210.55,212.2 1 0
github.com/bittensor-lab/btsigner/proto/signer/v1/signer.pb.go:214.53,214.54 0 0
github.com/bittensor-lab/btsigner/proto/signer/v1/signer.pb.go:216.75,218.14 2 0
github.com/bittensor-lab/btsigner/proto/signer/v1/signer.pb.go:218.14,220.34 2 0
github.com/bittensor-lab/btsigner/proto/signer/v1/signer.pb.go:220.34,222.4 1 0
github.com/bittensor-lab/btsigner/proto/signer/v1/signer.pb.go:223.3,223.12 1 0
github.com/bittensor-lab/btsigner/proto/signer/v1/signer.pb.go:225.2,225.24 1 0
github.com/bittensor-lab/btsigner/proto/signer/v1/signer.pb.go:229.66,231.2 1 0
github.com/bittensor-lab/btsigner/proto/signer/v1/signer.pb.go:233.57,234.14 1 0
github.com/bittensor-lab/btsigner/proto/signer/v1/signer.pb.go:234.14,236.3 1 0
github.com/bittensor-lab/btsigner/proto/signer/v1/signer.pb.go:237.2,237.11 1 0
github.com/bittensor-lab/btsigner/proto/signer/v1/signer.pb.go:240.59,241.14 1 0
github.com/bittensor-lab/btsigner/proto/signer/v1/signer.pb.go:241.14,243.3 1 0
github.com/bittensor-lab/btsigner/proto/signer/v1/signer.pb.go:244.2,244.12 1 0
github.com/bittensor-lab/btsigner/proto/signer/v1/signer.pb.go:247.59,248.14 1 0
github.com/bittensor-lab/btsigner/proto/signer/v1/signer.pb.go:248.14,250.3 1 0
github.com/bittensor-lab/btsigner/proto/signer/v1/signer.pb.go:251.2,251.12 1 0
github.com/bittensor-lab/btsigner/proto/signer/v1/signer.pb.go:265.41,270.2 4 0
github.com/bittensor-lab/btsigner/proto/signer/v1/signer.pb.go:272.49,274.2 1 0
github.com/bittensor-lab/btsigner/proto/signer/v1/signer.pb.go:276.47,276.48 0 0
github.com/bittensor-lab/btsigner/proto/signer/v1/signer.pb.go:278.69,280.14 2 0
github.com/bittensor-lab/btsigner/proto/signer/v1/signer.pb.go:280.14,282.34 2 0
github.com/bittensor-lab/btsigner/proto/signer/v1/signer.pb.go:282.34,284.4 1 0
github.com/bittensor-lab/btsigner/proto/signer/v1/signer.pb.go:285.3,285.12 1 0
github.com/bittensor-lab/btsigner/proto/signer/v1/signer.pb.go:287.2,287.24 1 0
github.com/bittensor-lab/btsigner/proto/signer/v1/signer.pb.go:291.60,293.2 1 0
github.com/bittensor-lab/btsigner/proto/signer/v1/signer.pb.go:295.55,296.14 1 0
github.com/bittensor-lab/btsigner/proto/signer/v1/signer.pb.go:296.14,298.3 1 0
github.com/bittensor-lab/btsigner/proto/signer/v1/signer.pb.go:299.2,299.12 1 0
github.com/bittensor-lab/btsigner/proto/signer/v1/signer.pb.go:302.51,303.14 1 0
github.com/bittensor-lab/btsigner/proto/signer/v1/signer.pb.go:303.14,305.3 1 0
github.com/bittensor-lab/btsigner/proto/signer/v1/signer.pb.go:306.2,306.11 1 0
github.com/bittensor-lab/btsigner/proto/signer/v1/signer.pb.go:320.36,325.2 4 0
github.com/bittensor-lab/btsigner/proto/signer/v1/signer.pb.go:327.44,329.2 1 0
github.com/bittensor-lab/btsigner/proto/signer/v1/signer.pb.go:331.42,331.43 0 0
github.com/bittensor-lab/btsigner/proto/signer/v1/signer.pb.go:333.64,335.14 2 0
github.com/bittensor-lab/btsigner/proto/signer/v1/signer.pb.go:335.14,337.34 2 0
github.com/bittensor-lab/btsigner/proto/signer/v1/signer.pb.go:337.34,339.4 1 0
github.com/bittensor-lab/btsigner/proto/signer/v1/signer.pb.go:340.3,340.12 1 0
github.com/bittensor-lab/btsigner/proto/signer/v1/signer.pb.go:342.2,342.24 1 0
github.com/bittensor-lab/btsigner/proto/signer/v1/signer.pb.go:346.55,348.2 1 0
github.com/bittensor-lab/btsigner/proto/signer/v1/signer.pb.go:350.49,351.14 1 0
github.com/bittensor-lab/btsigner/proto/signer/v1/signer.pb.go:351.14,353.3 1 0
github.com/bittensor-lab/btsigner/proto/signer/v1/signer.pb.go:354.2,354.12 1 0
github.com/bittensor-lab/btsigner/proto/signer/v1/signer.pb.go:357.53,358.14 1 0
github.com/bittensor-lab/btsigner/proto/signer/v1/signer.pb.go:358.14,360.3 1 0
github.com/bittensor-lab/btsigner/proto/signer/v1/signer.pb.go:361.2,361.11 1 0
github.com/bittensor-lab/btsigner/proto/signer/v1/signer.pb.go:402.45,403.42 1 0
github.com/bittensor-lab/btsigner/proto/signer/v1/signer.pb.go:403.42,405.3 1 0
github.com/bittensor-lab/btsigner/proto/signer/v1/signer.pb.go:406.2,406.38 1 0
github.com/bittensor-lab/btsigner/proto/signer/v1/signer.pb.go:439.13,439.41 1 0
github.com/bittensor-lab/btsigner/proto/signer/v1/signer.pb.go:440.31,441.30 1 0
github.com/bittensor-lab/btsigner/proto/signer/v1/signer.pb.go:441.30,443.3 1 0
github.com/bittensor-lab/btsigner/proto/signer/v1/signer.pb.go:444.2,460.33 5 0
github.com/bittensor-lab/btsigner/proto/signer/v1/signer_grpc.pb.go:55.76,57.2 1 0
github.com/bittensor-lab/btsigner/proto/signer/v1/signer_grpc.pb.go:59.139,63.16 4 0
github.com/bittensor-lab/btsigner/proto/signer/v1/signer_grpc.pb.go:63.16,65.3 1 0
github.com/bittensor-lab/btsigner/proto/signer/v1/signer_grpc.pb.go:66.2,66.17 1 0
github.com/bittensor-lab/btsigner/proto/signer/v1/signer_grpc.pb.go:69.153,73.16 4 0
github.com/bittensor-lab/btsigner/proto/signer/v1/signer_grpc.pb.go:73.16,75.3 1 0
github.com/bittensor-lab/btsigner/proto/signer/v1/signer_grpc.pb.go:76.2,76.17 1 0
github.com/bittensor-lab/btsigner/proto/signer/v1/signer_grpc.pb.go:79.148,83.16 4 0
github.com/bittensor-lab/btsigner/proto/signer/v1/signer_grpc.pb.go:83.16,85.3 1 0
github.com/bittensor-lab/btsigner/proto/signer/v1/signer_grpc.pb.go:86.2,86.17 1 0
github.com/bittensor-lab/btsigner/proto/signer/v1/signer_grpc.pb.go:89.162,93.16 4 0
github.com/bittensor-lab/btsigner/proto/signer/v1/signer_grpc.pb.go:93.16,95.3 1 0
github.com/bittensor-lab/btsigner/proto/signer/v1/signer_grpc.pb.go:96.2,96.17 1 0
github.com/bittensor-lab/btsigner/proto/signer/v1/signer_grpc.pb.go:99.131,103.16 4 0
github.com/bittensor-lab/btsigner/proto/signer/v1/signer_grpc.pb.go:103.16,105.3 1 0
github.com/bittensor-lab/btsigner/proto/signer/v1/signer_grpc.pb.go:106.2,106.17 1 0
github.com/bittensor-lab/btsigner/proto/signer/v1/signer_grpc.pb.go:109.126,113.16 4 0
github.com/bittensor-lab/btsigner/proto/signer/v1/signer_grpc.pb.go:113.16,115.3 1 0
github.com/bittensor-lab/btsigner/proto/signer/v1/signer_grpc.pb.go:116.2,116.17 1 0
github.com/bittensor-lab/btsigner/proto/signer/v1/signer_grpc.pb.go:147.117,149.2 1 0
github.com/bittensor-lab/btsigner/proto/signer/v1/signer_grpc.pb.go:150.131,152.2 1 0
github.com/bittensor-lab/btsigner/proto/signer/v1/signer_grpc.pb.go:153.126,155.2 1 0
github.com/bittensor-lab/btsigner/proto/signer/v1/signer_grpc.pb.go:156.140,158.2 1 0
github.com/bittensor-lab/btsigner/proto/signer/v1/signer_grpc.pb.go:159.109,161.2 1 0
github.com/bittensor-lab/btsigner/proto/signer/v1/signer_grpc.pb.go:162.104,164.2 1 0
github.com/bittensor-lab/btsigner/proto/signer/v1/signer_grpc.pb.go:165.84,165.85 0 0
github.com/bittensor-lab/btsigner/proto/signer/v1/signer_grpc.pb.go:166.84,166.85 0 0
github.com/bittensor-lab/btsigner/proto/signer/v1/signer_grpc.pb.go:175.82,180.59 1 0
github.com/bittensor-lab/btsigner/proto/signer/v1/signer_grpc.pb.go:180.59,182.3 1 0
github.com/bittensor-lab/btsigner/proto/signer/v1/signer_grpc.pb.go:183.2,183.51 1 0
github.com/bittensor-lab/btsigner/proto/signer/v1/signer_grpc.pb.go:186.170,188.32 2 0
github.com/bittensor-lab/btsigner/proto/signer/v1/signer_grpc.pb.go:188.32,190.3 1 0
github.com/bittensor-lab/btsigner/proto/signer/v1/signer_grpc.pb.go:191.2,191.24 1 0
github.com/bittensor-lab/btsigner/proto/signer/v1/signer_grpc.pb.go:191.24,193.3 1 0
github.com/bittensor-lab/btsigner/proto/signer/v1/signer_grpc.pb.go:194.2,198.77 2 0
github.com/bittensor-lab/btsigner/proto/signer/v1/signer_grpc.pb.go:198.77,200.3 1 0
github.com/bittensor-lab/btsigner/proto/signer/v1/signer_grpc.pb.go:201.2,201.44 1 0
github.com/bittensor-lab/btsigner/proto/signer/v1/signer_grpc.pb.go:204.174,206.32 2 0
github.com/bittensor-lab/btsigner/proto/signer/v1/signer_grpc.pb.go:206.32,208.3 1 0
github.com/bittensor-lab/btsigner/proto/signer/v1/signer_grpc.pb.go:209.2,209.24 1 0
github.com/bittensor-lab/btsigner/proto/signer/v1/signer_grpc.pb.go:209.24,211.3 1 0
github.com/bittensor-lab/btsigner/proto/signer/v1/signer_grpc.pb.go:212.2,216.77 2 0
github.com/bittensor-lab/btsigner/proto/signer/v1/signer_grpc.pb.go:216.77,218.3 1 0
github.com/bittensor-lab/btsigner/proto/signer/v1/signer_grpc.pb.go:219.2,219.44 1 0
github.com/bittensor-lab/btsigner/proto/signer/v1/signer_grpc.pb.go:222.171,224.32 2 0
github.com/bittensor-lab/btsigner/proto/signer/v1/signer_grpc.pb.go:224.32,226.3 1 0
github.com/bittensor-lab/btsigner/proto/signer/v1/signer_grpc.pb.go:227.2,227.24 1 0
github.com/bittensor-lab/btsigner/proto/signer/v1/signer_grpc.pb.go:227.24,229.3 1 0
github.com/bittensor-lab/btsigner/proto/signer/v1/signer_grpc.pb.go:230.2,234.77 2 0
github.com/bittensor-lab/btsigner/proto/signer/v1/signer_grpc.pb.go:234.77,236.3 1 0
github.com/bittensor-lab/btsigner/proto/signer/v1/signer_grpc.pb.go:237.2,237.44 1 0
github.com/bittensor-lab/btsigner/proto/signer/v1/signer_grpc.pb.go:240.178,242.32 2 0
github.com/bittensor-lab/btsigner/proto/signer/v1/signer_grpc.pb.go:242.32,244.3 1 0
github.com/bittensor-lab/btsigner/proto/signer/v1/signer_grpc.pb.go:245.2,245.24 1 0
github.com/bittensor-lab/btsigner/proto/signer/v1/signer_grpc.pb.go:245.24,247.3 1 0
github.com/bittensor-lab/btsigner/proto/signer/v1/signer_grpc.pb.go:248.2,252.77 2 0
github.com/bittensor-lab/btsigner/proto/signer/v1/signer_grpc.pb.go:252.77,254.3 1 0
github.com/bittensor-lab/btsigner/proto/signer/v1/signer_grpc.pb.go:255.2,255.44 1 0
github.com/bittensor-lab/btsigner/proto/signer/v1/signer_grpc.pb.go:258.166,260.32 2 0
github.com/bittensor-lab/btsigner/proto/signer/v1/signer_grpc.pb.go:260.32,262.3 1 0
github.com/bittensor-lab/btsigner/proto/signer/v1/signer_grpc.pb.go:263.2,263.24 1 0
github.com/bittensor-lab/btsigner/proto/signer/v1/signer_grpc.pb.go:263.24,265.3 1 0
github.com/bittensor-lab/btsigner/proto/signer/v1/signer_grpc.pb.go:266.2,270.77 2 0
github.com/bittensor-lab/btsigner/proto/signer/v1/signer_grpc.pb.go:270.77,272.3 1 0
github.com/bittensor-lab/btsigner/proto/signer/v1/signer_grpc.pb.go:273.2,273.44 1 0
github.com/bittensor-lab/btsigner/proto/signer/v1/signer_grpc.pb.go:276.164,278.32 2 0
github.com/bittensor-lab/btsigner/proto/signer/v1/signer_grpc.pb.go:278.32,280.3 1 0
github.com/bittensor-lab/btsigner/proto/signer/v1/signer_grpc.pb.go:281.2,281.24 1 0
github.com/bittensor-lab/btsigner/proto/signer/v1/signer_grpc.pb.go:281.24,283.3 1 0
github.com/bittensor-lab/btsigner/proto/signer/v1/signer_grpc.pb.go:284.2,288.77 2 0
github.com/bittensor-lab/btsigner/proto/signer/v1/signer_grpc.pb.go:288.77,290.3 1 0
github.com/bittensor-lab/btsigner/proto/signer/v1/signer_grpc.pb.go:291.2,291.44 1 0
github.com/bittensor-lab/btsigner/scripts/test_keygen_and_signing.go:41.51,43.2 1 0
github.com/bittensor-lab/btsigner/scripts/test_keygen_and_signing.go:45.37,53.36 6 0
github.com/bittensor-lab/btsigner/scripts/test_keygen_and_signing.go:53.36,55.22 2 0
github.com/bittensor-lab/btsigner/scripts/test_keygen_and_signing.go:55.22,58.4 2 0
github.com/bittensor-lab/btsigner/scripts/test_keygen_and_signing.go:58.9,60.4 1 0
github.com/bittensor-lab/btsigner/scripts/test_keygen_and_signing.go:62.3,64.30 2 0
github.com/bittensor-lab/btsigner/scripts/test_keygen_and_signing.go:64.30,66.4 1 0
github.com/bittensor-lab/btsigner/scripts/test_keygen_and_signing.go:67.3,67.31 1 0
github.com/bittensor-lab/btsigner/scripts/test_keygen_and_signing.go:67.31,69.4 1 0
github.com/bittensor-lab/btsigner/scripts/test_keygen_and_signing.go:70.3,70.30 1 0
github.com/bittensor-lab/btsigner/scripts/test_keygen_and_signing.go:70.30,72.4 1 0
github.com/bittensor-lab/btsigner/scripts/test_keygen_and_signing.go:73.3,73.26 1 0
github.com/bittensor-lab/btsigner/scripts/test_keygen_and_signing.go:73.26,75.4 1 0
github.com/bittensor-lab/btsigner/scripts/test_keygen_and_signing.go:76.3,76.16 1 0
github.com/bittensor-lab/btsigner/scripts/test_keygen_and_signing.go:79.2,80.38 2 0
github.com/bittensor-lab/btsigner/scripts/test_keygen_and_signing.go:83.13,116.2 13 0
github.com/bittensor-lab/btsigner/scripts/test_keygen_and_signing.go:118.48,130.92 5 0
github.com/bittensor-lab/btsigner/scripts/test_keygen_and_signing.go:130.92,132.3 1 0
github.com/bittensor-lab/btsigner/scripts/test_keygen_and_signing.go:133.2,133.16 1 0
github.com/bittensor-lab/btsigner/scripts/test_keygen_and_signing.go:133.16,138.3 4 0
github.com/bittensor-lab/btsigner/scripts/test_keygen_and_signing.go:141.2,143.16 3 0
github.com/bittensor-lab/btsigner/scripts/test_keygen_and_signing.go:143.16,148.3 4 0
github.com/bittensor-lab/btsigner/scripts/test_keygen_and_signing.go:150.2,160.22 9 0
github.com/bittensor-lab/btsigner/scripts/test_keygen_and_signing.go:163.45,176.16 6 0
github.com/bittensor-lab/btsigner/scripts/test_keygen_and_signing.go:176.16,181.3 4 0
github.com/bittensor-lab/btsigner/scripts/test_keygen_and_signing.go:182.2,186.16 3 0
github.com/bittensor-lab/btsigner/scripts/test_keygen_and_signing.go:186.16,191.3 4 0
github.com/bittensor-lab/btsigner/scripts/test_keygen_and_signing.go:194.2,203.39 4 0
github.com/bittensor-lab/btsigner/scripts/test_keygen_and_signing.go:203.39,205.17 2 0
github.com/bittensor-lab/btsigner/scripts/test_keygen_and_signing.go:205.17,210.4 4 0
github.com/bittensor-lab/btsigner/scripts/test_keygen_and_signing.go:212.3,212.26 1 0
github.com/bittensor-lab/btsigner/scripts/test_keygen_and_signing.go:212.26,217.4 4 0
github.com/bittensor-lab/btsigner/scripts/test_keygen_and_signing.go:219.3,220.75 2 0
github.com/bittensor-lab/btsigner/scripts/test_keygen_and_signing.go:223.2,232.22 8 0
github.com/bittensor-lab/btsigner/scripts/test_keygen_and_signing.go:235.47,248.16 6 0
github.com/bittensor-lab/btsigner/scripts/test_keygen_and_signing.go:248.16,253.3 4 0
github.com/bittensor-lab/btsigner/scripts/test_keygen_and_signing.go:254.2,259.16 4 0
github.com/bittensor-lab/btsigner/scripts/test_keygen_and_signing.go:259.16,264.3 4 0
github.com/bittensor-lab/btsigner/scripts/test_keygen_and_signing.go:267.2,268.16 2 0
github.com/bittensor-lab/btsigner/scripts/test_keygen_and_signing.go:268.16,273.3 4 0
github.com/bittensor-lab/btsigner/scripts/test_keygen_and_signing.go:275.2,286.22 10 0
github.com/bittensor-lab/btsigner/scripts/test_keygen_and_signing.go:289.51,302.16 6 0
github.com/bittensor-lab/btsigner/scripts/test_keygen_and_signing.go:302.16,307.3 4 0
github.com/bittensor-lab/btsigner/scripts/test_keygen_and_signing.go:308.2,313.31 3 0
github.com/bittensor-lab/btsigner/scripts/test_keygen_and_signing.go:313.31,315.17 2 0
github.com/bittensor-lab/btsigner/scripts/test_keygen_and_signing.go:315.17,320.4 4 0
github.com/bittensor-lab/btsigner/scripts/test_keygen_and_signing.go:323.3,324.17 2 0
github.com/bittensor-lab/btsigner/scripts/test_keygen_and_signing.go:324.17,329.4 4 0
github.com/bittensor-lab/btsigner/scripts/test_keygen_and_signing.go:331.3,333.47 3 0
github.com/bittensor-lab/btsigner/scripts/test_keygen_and_signing.go:337.2,344.22 6 0
github.com/bittensor-lab/btsigner/scripts/test_keygen_and_signing.go:347.44,360.16 6 0
github.com/bittensor-lab/btsigner/scripts/test_keygen_and_signing.go:360.16,365.3 4 0
github.com/bittensor-lab/btsigner/scripts/test_keygen_and_signing.go:366.2,371.31 3 0
github.com/bittensor-lab/btsigner/scripts/test_keygen_and_signing.go:371.31,373.17 2 0
github.com/bittensor-lab/btsigner/scripts/test_keygen_and_signing.go:373.17,375.12 1 0
github.com/bittensor-lab/btsigner/scripts/test_keygen_and_signing.go:379.3,383.17 4 0
github.com/bittensor-lab/btsigner/scripts/test_keygen_and_signing.go:383.17,388.4 4 0
github.com/bittensor-lab/btsigner/scripts/test_keygen_and_signing.go:390.3,390.26 1 0
github.com/bittensor-lab/btsigner/scripts/test_keygen_and_signing.go:390.26,395.4 4 0
github.com/bittensor-lab/btsigner/scripts/test_keygen_and_signing.go:397.3,398.31 2 0
github.com/bittensor-lab/btsigner/scripts/test_keygen_and_signing.go:401.2,407.22 5 0
github.com/bittensor-lab/btsigner/scripts/test_keygen_and_signing.go:410.45,423.16 6 0
github.com/bittensor-lab/btsigner/scripts/test_keygen_and_signing.go:423.16,428.3 4 0
github.com/bittensor-lab/btsigner/scripts/test_keygen_and_signing.go:429.2,435.37 4 0
github.com/bittensor-lab/btsigner/scripts/test_keygen_and_signing.go:435.37,438.47 2 0
github.com/bittensor-lab/btsigner/scripts/test_keygen_and_signing.go:438.47,440.4 1 0
github.com/bittensor-lab/btsigner/scripts/test_keygen_and_signing.go:442.3,443.17 2 0
github.com/bittensor-lab/btsigner/scripts/test_keygen_and_signing.go:443.17,448.4 4 0
github.com/bittensor-lab/btsigner/scripts/test_keygen_and_signing.go:450.3,450.26 1 0
github.com/bittensor-lab/btsigner/scripts/test_keygen_and_signing.go:450.26,455.4 4 0
github.com/bittensor-lab/btsigner/scripts/test_keygen_and_signing.go:457.3,457.17 1 0
github.com/bittensor-lab/btsigner/scripts/test_keygen_and_signing.go:457.17,459.4 1 0
github.com/bittensor-lab/btsigner/scripts/test_keygen_and_signing.go:462.2,468.22 5 0
github.com/bittensor-lab/btsigner/scripts/test_keygen_and_signing.go:471.38,484.16 6 0
github.com/bittensor-lab/btsigner/scripts/test_keygen_and_signing.go:484.16,489.3 4 0
github.com/bittensor-lab/btsigner/scripts/test_keygen_and_signing.go:490.2,496.16 4 0
github.com/bittensor-lab/btsigner/scripts/test_keygen_and_signing.go:496.16,501.3 4 0
github.com/bittensor-lab/btsigner/scripts/test_keygen_and_signing.go:502.2,508.16 5 0
github.com/bittensor-lab/btsigner/scripts/test_keygen_and_signing.go:508.16,513.3 4 0
github.com/bittensor-lab/btsigner/scripts/test_keygen_and_signing.go:514.2,521.16 5 0
github.com/bittensor-lab/btsigner/scripts/test_keygen_and_signing.go:521.16,526.3 4 0
github.com/bittensor-lab/btsigner/scripts/test_keygen_and_signing.go:528.2,528.25 1 0
github.com/bittensor-lab/btsigner/scripts/test_keygen_and_signing.go:528.25,533.3 4 0
github.com/bittensor-lab/btsigner/scripts/test_keygen_and_signing.go:535.2,544.22 7 0
github.com/bittensor-lab/btsigner/scripts/test_keygen_and_signing.go:547.16,551.2 2 0
github.com/bittensor-lab/btsigner/scripts/test_keygen_and_signing.go:553.13,555.45 1 0
github.com/bittensor-lab/btsigner/scripts/test_keygen_and_signing.go:555.45,558.3 2 0
github.com/bittensor-lab/btsigner/proto/signer.pb.go:38.40,43.2 4 0
github.com/bittensor-lab/btsigner/proto/signer.pb.go:45.48,47.2 1 0
github.com/bittensor-lab/btsigner/proto/signer.pb.go:49.46,49.47 0 0
github.com/bittensor-lab/btsigner/proto/signer.pb.go:51.68,53.14 2 0
github.com/bittensor-lab/btsigner/proto/signer.pb.go:53.14,55.34 2 0
github.com/bittensor-lab/btsigner/proto/signer.pb.go:55.34,57.4 1 0
github.com/bittensor-lab/btsigner/proto/signer.pb.go:58.3,58.12 1 0
github.com/bittensor-lab/btsigner/proto/signer.pb.go:60.2,60.24 1 0
github.com/bittensor-lab/btsigner/proto/signer.pb.go:64.59,66.2 1 0
github.com/bittensor-lab/btsigner/proto/signer.pb.go:68.54,69.14 1 0
github.com/bittensor-lab/btsigner/proto/signer.pb.go:69.14,71.3 1 0
github.com/bittensor-lab/btsigner/proto/signer.pb.go:72.2,72.12 1 0
github.com/bittensor-lab/btsigner/proto/signer.pb.go:75.56,76.14 1 0
github.com/bittensor-lab/btsigner/proto/signer.pb.go:76.14,78.3 1 0
github.com/bittensor-lab/btsigner/proto/signer.pb.go:79.2,79.11 1 0
github.com/bittensor-lab/btsigner/proto/signer.pb.go:82.50,83.14 1 0
github.com/bittensor-lab/btsigner/proto/signer.pb.go:83.14,85.3 1 0
github.com/bittensor-lab/btsigner/proto/signer.pb.go:86.2,86.11 1 0
github.com/bittensor-lab/btsigner/proto/signer.pb.go:98.43,103.2 4 0
github.com/bittensor-lab/btsigner/proto/signer.pb.go:105.51,107.2 1 0
github.com/bittensor-lab/btsigner/proto/signer.pb.go:109.49,109.50 0 0
github.com/bittensor-lab/btsigner/proto/signer.pb.go:111.71,113.14 2 0
github.com/bittensor-lab/btsigner/proto/signer.pb.go:113.14,115.34 2 0
github.com/bittensor-lab/btsigner/proto/signer.pb.go:115.34,117.4 1 0
github.com/bittensor-lab/btsigner/proto/signer.pb.go:118.3,118.12 1 0
github.com/bittensor-lab/btsigner/proto/signer.pb.go:120.2,120.24 1 0
github.com/bittensor-lab/btsigner/proto/signer.pb.go:124.62,126.2 1 0
github.com/bittensor-lab/btsigner/proto/signer.pb.go:128.53,129.14 1 0
github.com/bittensor-lab/btsigner/proto/signer.pb.go:129.14,131.3 1 0
github.com/bittensor-lab/btsigner/proto/signer.pb.go:132.2,132.11 1 0
github.com/bittensor-lab/btsigner/proto/signer.pb.go:146.40,151.2 4 0
github.com/bittensor-lab/btsigner/proto/signer.pb.go:153.48,155.2 1 0
github.com/bittensor-lab/btsigner/proto/signer.pb.go:157.46,157.47 0 0
github.com/bittensor-lab/btsigner/proto/signer.pb.go:159.68,161.14 2 0
github.com/bittensor-lab/btsigner/proto/signer.pb.go:161.14,163.34 2 0
github.com/bittensor-lab/btsigner/proto/signer.pb.go:163.34,165.4 1 0
github.com/bittensor-lab/btsigner/proto/signer.pb.go:166.3,166.12 1 0
github.com/bittensor-lab/btsigner/proto/signer.pb.go:168.2,168.24 1 0
github.com/bittensor-lab/btsigner/proto/signer.pb.go:172.59,174.2 1 0
github.com/bittensor-lab/btsigner/proto/signer.pb.go:176.52,177.14 1 0
github.com/bittensor-lab/btsigner/proto/signer.pb.go:177.14,179.3 1 0
github.com/bittensor-lab/btsigner/proto/signer.pb.go:180.2,180.12 1 0
github.com/bittensor-lab/btsigner/proto/signer.pb.go:183.52,184.14 1 0
github.com/bittensor-lab/btsigner/proto/signer.pb.go:184.14,186.3 1 0
github.com/bittensor-lab/btsigner/proto/signer.pb.go:187.2,187.12 1 0
github.com/bittensor-lab/btsigner/proto/signer.pb.go:203.47,208.2 4 0
github.com/bittensor-lab/btsigner/proto/signer.pb.go:210.55,212.2 1 0
github.com/bittensor-lab/btsigner/proto/signer.pb.go:214.53,214.54 0 0
github.com/bittensor-lab/btsigner/proto/signer.pb.go:216.75,218.14 2 0
github.com/bittensor-lab/btsigner/proto/signer.pb.go:218.14,220.34 2 0
github.com/bittensor-lab/btsigner/proto/signer.pb.go:220.34,222.4 1 0
github.com/bittensor-lab/btsigner/proto/signer.pb.go:223.3,223.12 1 0
github.com/bittensor-lab/btsigner/proto/signer.pb.go:225.2,225.24 1 0
github.com/bittensor-lab/btsigner/proto/signer.pb.go:229.66,231.2 1 0
github.com/bittensor-lab/btsigner/proto/signer.pb.go:233.57,234.14 1 0
github.com/bittensor-lab/btsigner/proto/signer.pb.go:234.14,236.3 1 0
github.com/bittensor-lab/btsigner/proto/signer.pb.go:237.2,237.11 1 0
github.com/bittensor-lab/btsigner/proto/signer.pb.go:240.59,241.14 1 0
github.com/bittensor-lab/btsigner/proto/signer.pb.go:241.14,243.3 1 0
github.com/bittensor-lab/btsigner/proto/signer.pb.go:244.2,244.12 1 0
github.com/bittensor-lab/btsigner/proto/signer.pb.go:247.59,248.14 1 0
github.com/bittensor-lab/btsigner/proto/signer.pb.go:248.14,250.3 1 0
github.com/bittensor-lab/btsigner/proto/signer.pb.go:251.2,251.12 1 0
github.com/bittensor-lab/btsigner/proto/signer.pb.go:265.41,270.2 4 0
github.com/bittensor-lab/btsigner/proto/signer.pb.go:272.49,274.2 1 0
github.com/bittensor-lab/btsigner/proto/signer.pb.go:276.47,276.48 0 0
github.com/bittensor-lab/btsigner/proto/signer.pb.go:278.69,280.14 2 0
github.com/bittensor-lab/btsigner/proto/signer.pb.go:280.14,282.34 2 0
github.com/bittensor-lab/btsigner/proto/signer.pb.go:282.34,284.4 1 0
github.com/bittensor-lab/btsigner/proto/signer.pb.go:285.3,285.12 1 0
github.com/bittensor-lab/btsigner/proto/signer.pb.go:287.2,287.24 1 0
github.com/bittensor-lab/btsigner/proto/signer.pb.go:291.60,293.2 1 0
github.com/bittensor-lab/btsigner/proto/signer.pb.go:295.55,296.14 1 0
github.com/bittensor-lab/btsigner/proto/signer.pb.go:296.14,298.3 1 0
github.com/bittensor-lab/btsigner/proto/signer.pb.go:299.2,299.12 1 0
github.com/bittensor-lab/btsigner/proto/signer.pb.go:302.51,303.14 1 0
github.com/bittensor-lab/btsigner/proto/signer.pb.go:303.14,305.3 1 0
github.com/bittensor-lab/btsigner/proto/signer.pb.go:306.2,306.11 1 0
github.com/bittensor-lab/btsigner/proto/signer.pb.go:320.36,325.2 4 0
github.com/bittensor-lab/btsigner/proto/signer.pb.go:327.44,329.2 1 0
github.com/bittensor-lab/btsigner/proto/signer.pb.go:331.42,331.43 0 0
github.com/bittensor-lab/btsigner/proto/signer.pb.go:333.64,335.14 2 0
github.com/bittensor-lab/btsigner/proto/signer.pb.go:335.14,337.34 2 0
github.com/bittensor-lab/btsigner/proto/signer.pb.go:337.34,339.4 1 0
github.com/bittensor-lab/btsigner/proto/signer.pb.go:340.3,340.12 1 0
github.com/bittensor-lab/btsigner/proto/signer.pb.go:342.2,342.24 1 0
github.com/bittensor-lab/btsigner/proto/signer.pb.go:346.55,348.2 1 0
github.com/bittensor-lab/btsigner/proto/signer.pb.go:350.49,351.14 1 0
github.com/bittensor-lab/btsigner/proto/signer.pb.go:351.14,353.3 1 0
github.com/bittensor-lab/btsigner/proto/signer.pb.go:354.2,354.12 1 0
github.com/bittensor-lab/btsigner/proto/signer.pb.go:357.53,358.14 1 0
github.com/bittensor-lab/btsigner/proto/signer.pb.go:358.14,360.3 1 0
github.com/bittensor-lab/btsigner/proto/signer.pb.go:361.2,361.11 1 0
github.com/bittensor-lab/btsigner/proto/signer.pb.go:402.51,403.48 1 0
github.com/bittensor-lab/btsigner/proto/signer.pb.go:403.48,405.3 1 0
github.com/bittensor-lab/btsigner/proto/signer.pb.go:406.2,406.44 1 0
github.com/bittensor-lab/btsigner/proto/signer.pb.go:439.13,439.47 1 0
github.com/bittensor-lab/btsigner/proto/signer.pb.go:440.37,441.36 1 0
github.com/bittensor-lab/btsigner/proto/signer.pb.go:441.36,443.3 1 0
github.com/bittensor-lab/btsigner/proto/signer.pb.go:444.2,460.39 5 0
github.com/bittensor-lab/btsigner/proto/signer_grpc.pb.go:55.76,57.2 1 0
github.com/bittensor-lab/btsigner/proto/signer_grpc.pb.go:59.139,63.16 4 0
github.com/bittensor-lab/btsigner/proto/signer_grpc.pb.go:63.16,65.3 1 0
github.com/bittensor-lab/btsigner/proto/signer_grpc.pb.go:66.2,66.17 1 0
github.com/bittensor-lab/btsigner/proto/signer_grpc.pb.go:69.153,73.16 4 0
github.com/bittensor-lab/btsigner/proto/signer_grpc.pb.go:73.16,75.3 1 0
github.com/bittensor-lab/btsigner/proto/signer_grpc.pb.go:76.2,76.17 1 0
github.com/bittensor-lab/btsigner/proto/signer_grpc.pb.go:79.148,83.16 4 0
github.com/bittensor-lab/btsigner/proto/signer_grpc.pb.go:83.16,85.3 1 0
github.com/bittensor-lab/btsigner/proto/signer_grpc.pb.go:86.2,86.17 1 0
github.com/bittensor-lab/btsigner/proto/signer_grpc.pb.go:89.162,93.16 4 0
github.com/bittensor-lab/btsigner/proto/signer_grpc.pb.go:93.16,95.3 1 0
github.com/bittensor-lab/btsigner/proto/signer_grpc.pb.go:96.2,96.17 1 0
github.com/bittensor-lab/btsigner/proto/signer_grpc.pb.go:99.131,103.16 4 0
github.com/bittensor-lab/btsigner/proto/signer_grpc.pb.go:103.16,105.3 1 0
github.com/bittensor-lab/btsigner/proto/signer_grpc.pb.go:106.2,106.17 1 0
github.com/bittensor-lab/btsigner/proto/signer_grpc.pb.go:109.126,113.16 4 0
github.com/bittensor-lab/btsigner/proto/signer_grpc.pb.go:113.16,115.3 1 0
github.com/bittensor-lab/btsigner/proto/signer_grpc.pb.go:116.2,116.17 1 0
github.com/bittensor-lab/btsigner/proto/signer_grpc.pb.go:147.117,149.2 1 0
github.com/bittensor-lab/btsigner/proto/signer_grpc.pb.go:150.131,152.2 1 0
github.com/bittensor-lab/btsigner/proto/signer_grpc.pb.go:153.126,155.2 1 0
github.com/bittensor-lab/btsigner/proto/signer_grpc.pb.go:156.140,158.2 1 0
github.com/bittensor-lab/btsigner/proto/signer_grpc.pb.go:159.109,161.2 1 0
github.com/bittensor-lab/btsigner/proto/signer_grpc.pb.go:162.104,164.2 1 0
github.com/bittensor-lab/btsigner/proto/signer_grpc.pb.go:165.84,165.85 0 0
github.com/bittensor-lab/btsigner/proto/signer_grpc.pb.go:166.84,166.85 0 0
github.com/bittensor-lab/btsigner/proto/signer_grpc.pb.go:175.82,180.59 1 0
github.com/bittensor-lab/btsigner/proto/signer_grpc.pb.go:180.59,182.3 1 0
github.com/bittensor-lab/btsigner/proto/signer_grpc.pb.go:183.2,183.51 1 0
github.com/bittensor-lab/btsigner/proto/signer_grpc.pb.go:186.170,188.32 2 0
github.com/bittensor-lab/btsigner/proto/signer_grpc.pb.go:188.32,190.3 1 0
github.com/bittensor-lab/btsigner/proto/signer_grpc.pb.go:191.2,191.24 1 0
github.com/bittensor-lab/btsigner/proto/signer_grpc.pb.go:191.24,193.3 1 0
github.com/bittensor-lab/btsigner/proto/signer_grpc.pb.go:194.2,198.77 2 0
github.com/bittensor-lab/btsigner/proto/signer_grpc.pb.go:198.77,200.3 1 0
github.com/bittensor-lab/btsigner/proto/signer_grpc.pb.go:201.2,201.44 1 0
github.com/bittensor-lab/btsigner/proto/signer_grpc.pb.go:204.174,206.32 2 0
github.com/bittensor-lab/btsigner/proto/signer_grpc.pb.go:206.32,208.3 1 0
github.com/bittensor-lab/btsigner/proto/signer_grpc.pb.go:209.2,209.24 1 0
github.com/bittensor-lab/btsigner/proto/signer_grpc.pb.go:209.24,211.3 1 0
github.com/bittensor-lab/btsigner/proto/signer_grpc.pb.go:212.2,216.77 2 0
github.com/bittensor-lab/btsigner/proto/signer_grpc.pb.go:216.77,218.3 1 0
github.com/bittensor-lab/btsigner/proto/signer_grpc.pb.go:219.2,219.44 1 0
github.com/bittensor-lab/btsigner/proto/signer_grpc.pb.go:222.171,224.32 2 0
github.com/bittensor-lab/btsigner/proto/signer_grpc.pb.go:224.32,226.3 1 0
github.com/bittensor-lab/btsigner/proto/signer_grpc.pb.go:227.2,227.24 1 0
github.com/bittensor-lab/btsigner/proto/signer_grpc.pb.go:227.24,229.3 1 0
github.com/bittensor-lab/btsigner/proto/signer_grpc.pb.go:230.2,234.77 2 0
github.com/bittensor-lab/btsigner/proto/signer_grpc.pb.go:234.77,236.3 1 0
github.com/bittensor-lab/btsigner/proto/signer_grpc.pb.go:237.2,237.44 1 0
github.com/bittensor-lab/btsigner/proto/signer_grpc.pb.go:240.178,242.32 2 0
github.com/bittensor-lab/btsigner/proto/signer_grpc.pb.go:242.32,244.3 1 0
github.com/bittensor-lab/btsigner/proto/signer_grpc.pb.go:245.2,245.24 1 0
github.com/bittensor-lab/btsigner/proto/signer_grpc.pb.go:245.24,247.3 1 0
github.com/bittensor-lab/btsigner/proto/signer_grpc.pb.go:248.2,252.77 2 0
github.com/bittensor-lab/btsigner/proto/signer_grpc.pb.go:252.77,254.3 1 0
github.com/bittensor-lab/btsigner/proto/signer_grpc.pb.go:255.2,255.44 1 0
github.com/bittensor-lab/btsigner/proto/signer_grpc.pb.go:258.166,260.32 2 0
github.com/bittensor-lab/btsigner/proto/signer_grpc.pb.go:260.32,262.3 1 0
github.com/bittensor-lab/btsigner/proto/signer_grpc.pb.go:263.2,263.24 1 0
github.com/bittensor-lab/btsigner/proto/signer_grpc.pb.go:263.24,265.3 1 0
github.com/bittensor-lab/btsigner/proto/signer_grpc.pb.go:266.2,270.77 2 0
github.com/bittensor-lab/btsigner/proto/signer_grpc.pb.go:270.77,272.3 1 0
github.com/bittensor-lab/btsigner/proto/signer_grpc.pb.go:273.2,273.44 1 0
github.com/bittensor-lab/btsigner/proto/signer_grpc.pb.go:276.164,278.32 2 0
github.com/bittensor-lab/btsigner/proto/signer_grpc.pb.go:278.32,280.3 1 0
github.com/bittensor-lab/btsigner/proto/signer_grpc.pb.go:281.2,281.24 1 0
github.com/bittensor-lab/btsigner/proto/signer_grpc.pb.go:281.24,283.3 1 0
github.com/bittensor-lab/btsigner/proto/signer_grpc.pb.go:284.2,288.77 2 0
github.com/bittensor-lab/btsigner/proto/signer_grpc.pb.go:288.77,290.3 1 0
github.com/bittensor-lab/btsigner/proto/signer_grpc.pb.go:291.2,291.44 1 0
github.com/bittensor-lab/btsigner/internal/config/config.go:47.47,50.16 3 1
github.com/bittensor-lab/btsigner/internal/config/config.go:50.16,52.3 1 1
github.com/bittensor-lab/btsigner/internal/config/config.go:54.2,57.28 2 1
github.com/bittensor-lab/btsigner/internal/config/config.go:58.23,59.52 1 1
github.com/bittensor-lab/btsigner/internal/config/config.go:59.52,61.4 1 1
github.com/bittensor-lab/btsigner/internal/config/config.go:62.15,63.52 1 1
github.com/bittensor-lab/btsigner/internal/config/config.go:63.52,65.4 1 1
github.com/bittensor-lab/btsigner/internal/config/config.go:66.10,67.78 1 1
github.com/bittensor-lab/btsigner/internal/config/config.go:71.2,71.30 1 1
github.com/bittensor-lab/btsigner/internal/config/config.go:71.30,73.3 1 1
github.com/bittensor-lab/btsigner/internal/config/config.go:75.2,75.54 1 1
github.com/bittensor-lab/btsigner/internal/config/config.go:75.54,77.3 1 1
github.com/bittensor-lab/btsigner/internal/config/config.go:79.2,79.25 1 1
github.com/bittensor-lab/btsigner/internal/config/config.go:79.25,81.3 1 1
github.com/bittensor-lab/btsigner/internal/config/config.go:83.2,83.26 1 1
github.com/bittensor-lab/btsigner/internal/config/config.go:83.26,85.3 1 1
github.com/bittensor-lab/btsigner/internal/config/config.go:87.2,87.18 1 1
github.com/bittensor-lab/btsigner/internal/config/config.go:91.30,104.2 10 1
github.com/bittensor-lab/btsigner/internal/config/tls.go:21.54,22.20 1 0
github.com/bittensor-lab/btsigner/internal/config/tls.go:22.20,24.3 1 0
github.com/bittensor-lab/btsigner/internal/config/tls.go:26.2,27.16 2 0
github.com/bittensor-lab/btsigner/internal/config/tls.go:27.16,29.3 1 0
github.com/bittensor-lab/btsigner/internal/config/tls.go:31.2,32.22 2 0
github.com/bittensor-lab/btsigner/internal/config/tls.go:32.22,34.17 2 0
github.com/bittensor-lab/btsigner/internal/config/tls.go:34.17,36.4 1 0
github.com/bittensor-lab/btsigner/internal/config/tls.go:38.3,39.45 2 0
github.com/bittensor-lab/btsigner/internal/config/tls.go:39.45,41.4 1 0
github.com/bittensor-lab/btsigner/internal/config/tls.go:44.2,45.16 2 0
github.com/bittensor-lab/btsigner/internal/config/tls.go:45.16,47.3 1 0
github.com/bittensor-lab/btsigner/internal/config/tls.go:49.2,50.16 2 0
github.com/bittensor-lab/btsigner/internal/config/tls.go:50.16,52.3 1 0
github.com/bittensor-lab/btsigner/internal/config/tls.go:54.2,60.8 1 0
github.com/bittensor-lab/btsigner/internal/config/tls.go:63.54,64.17 1 0
github.com/bittensor-lab/btsigner/internal/config/tls.go:65.13,66.31 1 0
github.com/bittensor-lab/btsigner/internal/config/tls.go:67.13,68.31 1 0
github.com/bittensor-lab/btsigner/internal/config/tls.go:69.10,70.31 1 0
github.com/bittensor-lab/btsigner/internal/config/tls.go:74.59,75.22 1 0
github.com/bittensor-lab/btsigner/internal/config/tls.go:75.22,77.3 1 0
github.com/bittensor-lab/btsigner/internal/config/tls.go:79.2,80.31 2 0
github.com/bittensor-lab/btsigner/internal/config/tls.go:80.31,82.10 2 0
github.com/bittensor-lab/btsigner/internal/config/tls.go:82.10,84.4 1 0
github.com/bittensor-lab/btsigner/internal/config/tls.go:85.3,85.34 1 0
github.com/bittensor-lab/btsigner/internal/config/tls.go:87.2,87.22 1 0
github.com/bittensor-lab/btsigner/internal/crypto/keystore.go:35.54,37.52 1 1
github.com/bittensor-lab/btsigner/internal/crypto/keystore.go:37.52,39.3 1 1
github.com/bittensor-lab/btsigner/internal/crypto/keystore.go:41.2,49.49 3 1
github.com/bittensor-lab/btsigner/internal/crypto/keystore.go:49.49,52.17 3 1
github.com/bittensor-lab/btsigner/internal/crypto/keystore.go:52.17,54.4 1 0
github.com/bittensor-lab/btsigner/internal/crypto/keystore.go:56.3,56.57 1 1
github.com/bittensor-lab/btsigner/internal/crypto/keystore.go:56.57,58.4 1 1
github.com/bittensor-lab/btsigner/internal/crypto/keystore.go:59.8,62.17 2 1
github.com/bittensor-lab/btsigner/internal/crypto/keystore.go:62.17,64.4 1 0
github.com/bittensor-lab/btsigner/internal/crypto/keystore.go:66.3,66.64 1 1
github.com/bittensor-lab/btsigner/internal/crypto/keystore.go:66.64,68.4 1 1
github.com/bittensor-lab/btsigner/internal/crypto/keystore.go:71.2,75.8 1 1
github.com/bittensor-lab/btsigner/internal/crypto/keystore.go:79.42,82.16 3 1
github.com/bittensor-lab/btsigner/internal/crypto/keystore.go:82.16,84.3 1 0
github.com/bittensor-lab/btsigner/internal/crypto/keystore.go:86.2,86.47 1 1
github.com/bittensor-lab/btsigner/internal/crypto/keystore.go:90.116,91.14 1 1
github.com/bittensor-lab/btsigner/internal/crypto/keystore.go:91.14,93.3 1 1
github.com/bittensor-lab/btsigner/internal/crypto/keystore.go:95.2,99.53 3 1
github.com/bittensor-lab/btsigner/internal/crypto/keystore.go:99.53,101.3 1 1
github.com/bittensor-lab/btsigner/internal/crypto/keystore.go:104.2,104.40 1 1
github.com/bittensor-lab/btsigner/internal/crypto/keystore.go:104.40,106.3 1 1
github.com/bittensor-lab/btsigner/internal/crypto/keystore.go:109.2,114.16 4 1
github.com/bittensor-lab/btsigner/internal/crypto/keystore.go:114.16,116.3 1 1
github.com/bittensor-lab/btsigner/internal/crypto/keystore.go:119.2,123.42 3 1
github.com/bittensor-lab/btsigner/internal/crypto/keystore.go:123.42,125.3 1 1
github.com/bittensor-lab/btsigner/internal/crypto/keystore.go:128.2,130.21 2 1
github.com/bittensor-lab/btsigner/internal/crypto/keystore.go:134.112,135.14 1 1
github.com/bittensor-lab/btsigner/internal/crypto/keystore.go:135.14,137.3 1 1
github.com/bittensor-lab/btsigner/internal/crypto/keystore.go:139.2,143.44 3 1
github.com/bittensor-lab/btsigner/internal/crypto/keystore.go:143.44,145.3 1 1
github.com/bittensor-lab/btsigner/internal/crypto/keystore.go:148.2,149.13 2 1
github.com/bittensor-lab/btsigner/internal/crypto/keystore.go:149.13,151.3 1 1
github.com/bittensor-lab/btsigner/internal/crypto/keystore.go:154.2,156.16 3 1
github.com/bittensor-lab/btsigner/internal/crypto/keystore.go:156.16,158.3 1 1
github.com/bittensor-lab/btsigner/internal/crypto/keystore.go:161.2,163.21 2 1
github.com/bittensor-lab/btsigner/internal/crypto/keystore.go:167.48,172.13 4 1
github.com/bittensor-lab/btsigner/internal/crypto/keystore.go:172.13,174.3 1 1
github.com/bittensor-lab/btsigner/internal/crypto/keystore.go:177.2,177.39 1 1
github.com/bittensor-lab/btsigner/internal/crypto/keystore.go:177.39,179.3 1 0
github.com/bittensor-lab/btsigner/internal/crypto/keystore.go:182.2,184.12 2 1
github.com/bittensor-lab/btsigner/internal/crypto/keystore.go:188.48,194.13 4 1
github.com/bittensor-lab/btsigner/internal/crypto/keystore.go:194.13,196.3 1 1
github.com/bittensor-lab/btsigner/internal/crypto/keystore.go:199.2,200.43 2 1
github.com/bittensor-lab/btsigner/internal/crypto/keystore.go:200.43,202.3 1 1
github.com/bittensor-lab/btsigner/internal/crypto/keystore.go:205.2,205.44 1 1
github.com/bittensor-lab/btsigner/internal/crypto/keystore.go:205.44,206.40 1 1
github.com/bittensor-lab/btsigner/internal/crypto/keystore.go:206.40,208.4 1 0
github.com/bittensor-lab/btsigner/internal/crypto/keystore.go:209.3,209.22 1 1
github.com/bittensor-lab/btsigner/internal/crypto/keystore.go:213.2,217.26 3 1
github.com/bittensor-lab/btsigner/internal/crypto/keystore.go:221.43,226.41 4 1
github.com/bittensor-lab/btsigner/internal/crypto/keystore.go:226.41,228.3 1 1
github.com/bittensor-lab/btsigner/internal/crypto/keystore.go:230.2,230.12 1 1
github.com/bittensor-lab/btsigner/internal/crypto/keystore.go:234.67,239.13 4 1
github.com/bittensor-lab/btsigner/internal/crypto/keystore.go:239.13,241.3 1 1
github.com/bittensor-lab/btsigner/internal/crypto/keystore.go:243.2,245.16 3 1
github.com/bittensor-lab/btsigner/internal/crypto/keystore.go:245.16,247.3 1 1
github.com/bittensor-lab/btsigner/internal/crypto/keystore.go:249.2,249.30 1 1
github.com/bittensor-lab/btsigner/internal/crypto/keystore.go:253.35,258.35 4 1
github.com/bittensor-lab/btsigner/internal/crypto/keystore.go:258.35,259.40 1 1
github.com/bittensor-lab/btsigner/internal/crypto/keystore.go:259.40,261.4 1 0
github.com/bittensor-lab/btsigner/internal/crypto/keystore.go:262.3,262.22 1 1
github.com/bittensor-lab/btsigner/internal/crypto/keystore.go:265.2,265.16 1 1
github.com/bittensor-lab/btsigner/internal/crypto/memguard.go:14.44,19.47 4 1
github.com/bittensor-lab/btsigner/internal/crypto/memguard.go:19.47,21.3 1 1
github.com/bittensor-lab/btsigner/internal/crypto/memguard.go:22.2,22.10 1 1
github.com/bittensor-lab/btsigner/internal/crypto/memguard.go:26.38,28.2 1 1
github.com/bittensor-lab/btsigner/internal/crypto/memguard.go:31.30,32.20 1 1
github.com/bittensor-lab/btsigner/internal/crypto/memguard.go:32.20,34.3 1 1
github.com/bittensor-lab/btsigner/internal/crypto/memguard.go:37.2,37.25 1 1
github.com/bittensor-lab/btsigner/internal/crypto/memguard.go:37.25,39.3 1 1
github.com/bittensor-lab/btsigner/internal/crypto/memguard.go:40.2,40.15 1 1
github.com/bittensor-lab/btsigner/internal/crypto/memguard.go:44.44,46.2 1 0
github.com/bittensor-lab/btsigner/internal/crypto/sr25519.go:40.110,43.16 3 1
github.com/bittensor-lab/btsigner/internal/crypto/sr25519.go:43.16,45.3 1 1
github.com/bittensor-lab/btsigner/internal/crypto/sr25519.go:47.2,48.55 2 1
github.com/bittensor-lab/btsigner/internal/crypto/sr25519.go:48.55,50.3 1 1
github.com/bittensor-lab/btsigner/internal/crypto/sr25519.go:52.2,53.16 2 1
github.com/bittensor-lab/btsigner/internal/crypto/sr25519.go:53.16,55.3 1 0
github.com/bittensor-lab/btsigner/internal/crypto/sr25519.go:56.2,60.15 3 1
github.com/bittensor-lab/btsigner/internal/crypto/sr25519.go:60.15,61.22 1 1
github.com/bittensor-lab/btsigner/internal/crypto/sr25519.go:61.22,63.4 1 1
github.com/bittensor-lab/btsigner/internal/crypto/sr25519.go:67.2,68.16 2 1
github.com/bittensor-lab/btsigner/internal/crypto/sr25519.go:68.16,70.3 1 0
github.com/bittensor-lab/btsigner/internal/crypto/sr25519.go:72.2,73.16 2 1
github.com/bittensor-lab/btsigner/internal/crypto/sr25519.go:73.16,75.3 1 0
github.com/bittensor-lab/btsigner/internal/crypto/sr25519.go:77.2,78.16 2 1
github.com/bittensor-lab/btsigner/internal/crypto/sr25519.go:78.16,80.3 1 1
github.com/bittensor-lab/btsigner/internal/crypto/sr25519.go:81.2,81.15 1 1
github.com/bittensor-lab/btsigner/internal/crypto/sr25519.go:81.15,82.34 1 1
github.com/bittensor-lab/btsigner/internal/crypto/sr25519.go:82.34,84.4 1 1
github.com/bittensor-lab/btsigner/internal/crypto/sr25519.go:88.2,91.16 4 1
github.com/bittensor-lab/btsigner/internal/crypto/sr25519.go:91.16,93.3 1 0
github.com/bittensor-lab/btsigner/internal/crypto/sr25519.go:95.2,98.8 1 1
github.com/bittensor-lab/btsigner/internal/crypto/sr25519.go:102.46,104.2 1 1
github.com/bittensor-lab/btsigner/internal/crypto/sr25519.go:107.64,108.25 1 1
github.com/bittensor-lab/btsigner/internal/crypto/sr25519.go:108.25,110.3 1 1
github.com/bittensor-lab/btsigner/internal/crypto/sr25519.go:111.2,116.16 5 1
github.com/bittensor-lab/btsigner/internal/crypto/sr25519.go:116.16,118.3 1 0
github.com/bittensor-lab/btsigner/internal/crypto/sr25519.go:120.2,121.25 2 1
github.com/bittensor-lab/btsigner/internal/crypto/sr25519.go:125.40,126.25 1 1
github.com/bittensor-lab/btsigner/internal/crypto/sr25519.go:126.25,128.34 2 1
github.com/bittensor-lab/btsigner/internal/crypto/sr25519.go:128.34,130.4 1 1
github.com/bittensor-lab/btsigner/internal/crypto/sr25519.go:131.3,131.21 1 1
github.com/bittensor-lab/btsigner/internal/crypto/sr25519.go:133.2,133.12 1 1
github.com/bittensor-lab/btsigner/internal/crypto/sr25519.go:137.107,140.16 2 1
github.com/bittensor-lab/btsigner/internal/crypto/sr25519.go:140.16,142.3 1 0
github.com/bittensor-lab/btsigner/internal/crypto/sr25519.go:145.2,152.58 4 1
github.com/bittensor-lab/btsigner/internal/crypto/sr25519.go:152.58,154.3 1 0
github.com/bittensor-lab/btsigner/internal/crypto/sr25519.go:156.2,157.16 2 1
github.com/bittensor-lab/btsigner/internal/crypto/sr25519.go:157.16,159.3 1 0
github.com/bittensor-lab/btsigner/internal/crypto/sr25519.go:160.2,164.15 3 1
github.com/bittensor-lab/btsigner/internal/crypto/sr25519.go:164.15,165.22 1 1
github.com/bittensor-lab/btsigner/internal/crypto/sr25519.go:165.22,167.4 1 1
github.com/bittensor-lab/btsigner/internal/crypto/sr25519.go:171.2,172.16 2 1
github.com/bittensor-lab/btsigner/internal/crypto/sr25519.go:172.16,174.3 1 0
github.com/bittensor-lab/btsigner/internal/crypto/sr25519.go:176.2,177.16 2 1
github.com/bittensor-lab/btsigner/internal/crypto/sr25519.go:177.16,179.3 1 0
github.com/bittensor-lab/btsigner/internal/crypto/sr25519.go:181.2,182.59 2 1
github.com/bittensor-lab/btsigner/internal/crypto/sr25519.go:182.59,184.3 1 0
github.com/bittensor-lab/btsigner/internal/crypto/sr25519.go:186.2,199.16 4 1
github.com/bittensor-lab/btsigner/internal/crypto/sr25519.go:199.16,201.3 1 0
github.com/bittensor-lab/btsigner/internal/crypto/sr25519.go:203.2,203.55 1 1
github.com/bittensor-lab/btsigner/internal/crypto/sr25519.go:203.55,205.3 1 1
github.com/bittensor-lab/btsigner/internal/crypto/sr25519.go:207.2,210.8 1 1
github.com/bittensor-lab/btsigner/internal/crypto/ss58.go:20.56,21.26 1 1
github.com/bittensor-lab/btsigner/internal/crypto/ss58.go:21.26,23.3 1 1
github.com/bittensor-lab/btsigner/internal/crypto/ss58.go:26.2,38.21 9 1
github.com/bittensor-lab/btsigner/internal/crypto/ss58.go:42.37,45.2 2 1
github.com/bittensor-lab/btsigner/internal/crypto/ss58.go:51.39,60.22 5 1
github.com/bittensor-lab/btsigner/internal/crypto/ss58.go:60.22,64.3 3 1
github.com/bittensor-lab/btsigner/internal/crypto/ss58.go:67.2,67.25 1 1
github.com/bittensor-lab/btsigner/internal/crypto/ss58.go:67.25,68.13 1 1
github.com/bittensor-lab/btsigner/internal/crypto/ss58.go:68.13,69.9 1 1
github.com/bittensor-lab/btsigner/internal/crypto/ss58.go:71.3,71.45 1 0
github.com/bittensor-lab/btsigner/internal/crypto/ss58.go:75.2,75.55 1 1
github.com/bittensor-lab/btsigner/internal/crypto/ss58.go:75.55,77.3 1 1
github.com/bittensor-lab/btsigner/internal/crypto/ss58.go:79.2,79.23 1 1
github.com/bittensor-lab/btsigner/pkg/client/client.go:32.44,38.2 1 1
github.com/bittensor-lab/btsigner/pkg/client/client.go:48.66,51.21 2 1
github.com/bittensor-lab/btsigner/pkg/client/client.go:51.21,54.24 2 1
github.com/bittensor-lab/btsigner/pkg/client/client.go:54.24,56.18 2 1
github.com/bittensor-lab/btsigner/pkg/client/client.go:56.18,58.5 1 1
github.com/bittensor-lab/btsigner/pkg/client/client.go:60.4,61.44 2 1
github.com/bittensor-lab/btsigner/pkg/client/client.go:61.44,63.5 1 1
github.com/bittensor-lab/btsigner/pkg/client/client.go:65.4,65.32 1 1
github.com/bittensor-lab/btsigner/pkg/client/client.go:68.3,68.26 1 1
github.com/bittensor-lab/btsigner/pkg/client/client.go:68.26,70.18 2 1
github.com/bittensor-lab/btsigner/pkg/client/client.go:70.18,72.5 1 1
github.com/bittensor-lab/btsigner/pkg/client/client.go:73.4,73.52 1 1
github.com/bittensor-lab/btsigner/pkg/client/client.go:76.3,76.36 1 1
github.com/bittensor-lab/btsigner/pkg/client/client.go:76.36,78.4 1 1
github.com/bittensor-lab/btsigner/pkg/client/client.go:80.3,81.68 2 1
github.com/bittensor-lab/btsigner/pkg/client/client.go:82.8,84.3 1 1
github.com/bittensor-lab/btsigner/pkg/client/client.go:86.2,87.16 2 1
github.com/bittensor-lab/btsigner/pkg/client/client.go:87.16,89.3 1 0
github.com/bittensor-lab/btsigner/pkg/client/client.go:91.2,97.8 2 1
github.com/bittensor-lab/btsigner/pkg/client/client.go:101.82,106.16 4 1
github.com/bittensor-lab/btsigner/pkg/client/client.go:106.16,108.3 1 1
github.com/bittensor-lab/btsigner/pkg/client/client.go:110.2,110.46 1 1
github.com/bittensor-lab/btsigner/pkg/client/client.go:114.91,121.16 4 1
github.com/bittensor-lab/btsigner/pkg/client/client.go:121.16,123.3 1 1
github.com/bittensor-lab/btsigner/pkg/client/client.go:125.2,125.28 1 1
github.com/bittensor-lab/btsigner/pkg/client/client.go:129.112,138.16 4 1
github.com/bittensor-lab/btsigner/pkg/client/client.go:138.16,140.3 1 1
github.com/bittensor-lab/btsigner/pkg/client/client.go:142.2,142.28 1 1
github.com/bittensor-lab/btsigner/pkg/client/client.go:146.63,151.16 4 1
github.com/bittensor-lab/btsigner/pkg/client/client.go:151.16,153.3 1 1
github.com/bittensor-lab/btsigner/pkg/client/client.go:155.2,155.12 1 1
github.com/bittensor-lab/btsigner/pkg/client/client.go:159.38,160.19 1 1
github.com/bittensor-lab/btsigner/pkg/client/client.go:160.19,162.3 1 1
github.com/bittensor-lab/btsigner/pkg/client/client.go:163.2,163.12 1 1
github.com/bittensor-lab/btsigner/pkg/server/health.go:18.38,22.2 1 1
github.com/bittensor-lab/btsigner/pkg/server/health.go:25.136,32.2 3 1
github.com/bittensor-lab/btsigner/pkg/server/health.go:35.98,40.2 3 1
github.com/bittensor-lab/btsigner/pkg/server/server.go:41.90,47.2 1 1
github.com/bittensor-lab/btsigner/pkg/server/server.go:50.30,53.16 2 0
github.com/bittensor-lab/btsigner/pkg/server/server.go:53.16,55.3 1 0
github.com/bittensor-lab/btsigner/pkg/server/server.go:58.2,66.26 3 0
github.com/bittensor-lab/btsigner/pkg/server/server.go:66.26,68.17 2 0
github.com/bittensor-lab/btsigner/pkg/server/server.go:68.17,70.4 1 0
github.com/bittensor-lab/btsigner/pkg/server/server.go:72.3,79.41 2 0
github.com/bittensor-lab/btsigner/pkg/server/server.go:83.2,93.32 7 0
github.com/bittensor-lab/btsigner/pkg/server/server.go:97.33,100.2 2 0
github.com/bittensor-lab/btsigner/pkg/server/server.go:103.104,105.16 2 1
github.com/bittensor-lab/btsigner/pkg/server/server.go:105.16,108.3 2 1
github.com/bittensor-lab/btsigner/pkg/server/server.go:111.2,112.51 2 1
github.com/bittensor-lab/btsigner/pkg/server/server.go:112.51,117.3 2 1
github.com/bittensor-lab/btsigner/pkg/server/server.go:119.2,123.8 1 1
github.com/bittensor-lab/btsigner/pkg/server/server.go:127.123,128.21 1 1
github.com/bittensor-lab/btsigner/pkg/server/server.go:128.21,130.3 1 1
github.com/bittensor-lab/btsigner/pkg/server/server.go:133.2,134.9 2 1
github.com/bittensor-lab/btsigner/pkg/server/server.go:134.9,136.3 1 1
github.com/bittensor-lab/btsigner/pkg/server/server.go:138.2,139.16 2 1
github.com/bittensor-lab/btsigner/pkg/server/server.go:139.16,144.3 2 0
github.com/bittensor-lab/btsigner/pkg/server/server.go:146.2,154.8 2 1
github.com/bittensor-lab/btsigner/pkg/server/server.go:158.118,159.27 1 1
github.com/bittensor-lab/btsigner/pkg/server/server.go:159.27,162.3 2 1
github.com/bittensor-lab/btsigner/pkg/server/server.go:165.2,166.51 2 1
github.com/bittensor-lab/btsigner/pkg/server/server.go:166.51,169.3 2 1
github.com/bittensor-lab/btsigner/pkg/server/server.go:172.2,173.16 2 1
github.com/bittensor-lab/btsigner/pkg/server/server.go:173.16,176.3 2 1
github.com/bittensor-lab/btsigner/pkg/server/server.go:178.2,181.8 1 1
github.com/bittensor-lab/btsigner/pkg/server/server.go:185.132,186.27 1 1
github.com/bittensor-lab/btsigner/pkg/server/server.go:186.27,189.3 2 1
github.com/bittensor-lab/btsigner/pkg/server/server.go:191.2,191.21 1 1
github.com/bittensor-lab/btsigner/pkg/server/server.go:191.21,194.3 2 1
github.com/bittensor-lab/btsigner/pkg/server/server.go:197.2,198.9 2 1
github.com/bittensor-lab/btsigner/pkg/server/server.go:198.9,200.3 1 1
github.com/bittensor-lab/btsigner/pkg/server/server.go:202.2,204.16 3 1
github.com/bittensor-lab/btsigner/pkg/server/server.go:204.16,209.3 2 0
github.com/bittensor-lab/btsigner/pkg/server/server.go:211.2,214.8 1 1
github.com/bittensor-lab/btsigner/pkg/server/server.go:218.96,221.9 2 1
github.com/bittensor-lab/btsigner/pkg/server/server.go:221.9,227.3 1 1
github.com/bittensor-lab/btsigner/pkg/server/server.go:229.2,239.8 4 1
github.com/bittensor-lab/btsigner/pkg/server/server.go:243.88,245.2 1 1
github.com/bittensor-lab/btsigner/pkg/signer/keystore_signer.go:24.70,26.16 2 1
github.com/bittensor-lab/btsigner/pkg/signer/keystore_signer.go:26.16,28.3 1 0
github.com/bittensor-lab/btsigner/pkg/signer/keystore_signer.go:30.2,32.8 1 1
github.com/bittensor-lab/btsigner/pkg/signer/keystore_signer.go:36.53,40.2 3 1
github.com/bittensor-lab/btsigner/pkg/signer/keystore_signer.go:43.48,47.2 3 1
github.com/bittensor-lab/btsigner/pkg/signer/keystore_signer.go:50.68,51.71 1 1
github.com/bittensor-lab/btsigner/pkg/signer/keystore_signer.go:51.71,53.3 1 1
github.com/bittensor-lab/btsigner/pkg/signer/keystore_signer.go:54.2,54.16 1 1
github.com/bittensor-lab/btsigner/pkg/signer/keystore_signer.go:54.16,56.3 1 1
github.com/bittensor-lab/btsigner/pkg/signer/keystore_signer.go:59.2,60.26 2 1
github.com/bittensor-lab/btsigner/pkg/signer/keystore_signer.go:60.26,62.3 1 0
github.com/bittensor-lab/btsigner/pkg/signer/keystore_signer.go:63.2,65.12 2 1
github.com/bittensor-lab/btsigner/pkg/signer/keystore_signer.go:69.72,70.75 1 1
github.com/bittensor-lab/btsigner/pkg/signer/keystore_signer.go:70.75,72.3 1 1
github.com/bittensor-lab/btsigner/pkg/signer/keystore_signer.go:73.2,73.16 1 1
github.com/bittensor-lab/btsigner/pkg/signer/keystore_signer.go:73.16,75.3 1 0
github.com/bittensor-lab/btsigner/pkg/signer/keystore_signer.go:78.2,79.26 2 1
github.com/bittensor-lab/btsigner/pkg/signer/keystore_signer.go:79.26,81.3 1 1
github.com/bittensor-lab/btsigner/pkg/signer/keystore_signer.go:82.2,84.12 2 1
github.com/bittensor-lab/btsigner/pkg/signer/keystore_signer.go:88.53,90.2 1 1
github.com/bittensor-lab/btsigner/pkg/signer/keystore_signer.go:93.53,95.2 1 1
github.com/bittensor-lab/btsigner/pkg/signer/keystore_signer.go:98.48,100.2 1 1
github.com/bittensor-lab/btsigner/pkg/signer/keystore_signer.go:103.65,108.24 4 1
github.com/bittensor-lab/btsigner/pkg/signer/keystore_signer.go:108.24,110.3 1 1
github.com/bittensor-lab/btsigner/pkg/signer/keystore_signer.go:112.2,112.41 1 1
github.com/bittensor-lab/btsigner/pkg/signer/keystore_signer.go:116.78,118.2 1 1
github.com/bittensor-lab/btsigner/pkg/signer/keystore_signer.go:121.84,126.24 4 1
github.com/bittensor-lab/btsigner/pkg/signer/keystore_signer.go:126.24,128.3 1 1
github.com/bittensor-lab/btsigner/pkg/signer/keystore_signer.go:130.2,130.50 1 1
github.com/bittensor-lab/btsigner/pkg/signer/keystore_signer.go:134.102,135.23 1 1
github.com/bittensor-lab/btsigner/pkg/signer/keystore_signer.go:135.23,137.3 1 1
github.com/bittensor-lab/btsigner/pkg/signer/keystore_signer.go:140.2,140.9 1 1
github.com/bittensor-lab/btsigner/pkg/signer/keystore_signer.go:141.20,142.24 1 0
github.com/bittensor-lab/btsigner/pkg/signer/keystore_signer.go:143.10,143.10 0 1
github.com/bittensor-lab/btsigner/pkg/signer/keystore_signer.go:147.2,148.16 2 1
github.com/bittensor-lab/btsigner/pkg/signer/keystore_signer.go:148.16,150.3 1 1
github.com/bittensor-lab/btsigner/pkg/signer/keystore_signer.go:153.2,154.16 2 1
github.com/bittensor-lab/btsigner/pkg/signer/keystore_signer.go:154.16,156.3 1 0
github.com/bittensor-lab/btsigner/pkg/signer/keystore_signer.go:158.2,158.23 1 1
github.com/bittensor-lab/btsigner/pkg/signer/keystore_signer.go:162.40,164.2 1 1
github.com/bittensor-lab/btsigner/pkg/signer/signer.go:34.80,35.89 1 1
github.com/bittensor-lab/btsigner/pkg/signer/signer.go:35.89,37.3 1 1
github.com/bittensor-lab/btsigner/pkg/signer/signer.go:38.2,38.16 1 1
github.com/bittensor-lab/btsigner/pkg/signer/signer.go:38.16,40.3 1 0
github.com/bittensor-lab/btsigner/pkg/signer/signer.go:42.2,44.8 1 1
github.com/bittensor-lab/btsigner/pkg/signer/signer.go:48.64,49.22 1 1
github.com/bittensor-lab/btsigner/pkg/signer/signer.go:49.22,51.3 1 0
github.com/bittensor-lab/btsigner/pkg/signer/signer.go:53.2,55.16 3 1
github.com/bittensor-lab/btsigner/pkg/signer/signer.go:55.16,57.3 1 0
github.com/bittensor-lab/btsigner/pkg/signer/signer.go:59.2,59.30 1 1
github.com/bittensor-lab/btsigner/pkg/signer/signer.go:63.83,64.22 1 1
github.com/bittensor-lab/btsigner/pkg/signer/signer.go:64.22,66.3 1 0
github.com/bittensor-lab/btsigner/pkg/signer/signer.go:68.2,68.23 1 1
github.com/bittensor-lab/btsigner/pkg/signer/signer.go:68.23,70.3 1 1
github.com/bittensor-lab/btsigner/pkg/signer/signer.go:73.2,73.9 1 1
github.com/bittensor-lab/btsigner/pkg/signer/signer.go:74.20,75.24 1 1
github.com/bittensor-lab/btsigner/pkg/signer/signer.go:76.10,76.10 0 1
github.com/bittensor-lab/btsigner/pkg/signer/signer.go:79.2,80.16 2 1
github.com/bittensor-lab/btsigner/pkg/signer/signer.go:80.16,82.3 1 0
github.com/bittensor-lab/btsigner/pkg/signer/signer.go:84.2,84.23 1 1
github.com/bittensor-lab/btsigner/pkg/signer/signer.go:88.39,89.22 1 1
github.com/bittensor-lab/btsigner/pkg/signer/signer.go:89.22,91.3 1 1
github.com/bittensor-lab/btsigner/pkg/signer/signer.go:92.2,92.12 1 1
